[0.492s] Invoking command in '/home/roboworks/ros2_voicevox_ws/build/voicevox_ros2': DEBUGINFOD_URLS=https://debuginfod.ubuntu.com PYTHONPATH=/home/roboworks/ros2_voicevox_ws/build/voicevox_ros2/prefix_override:/usr/lib/python3/dist-packages/colcon_core/task/python/colcon_distutils_commands:/home/roboworks/ros2_voicevox_ws/install/voicevox_ros2/lib/python3.12/site-packages:${PYTHONPATH} /usr/bin/python3 -W ignore:setup.py install is deprecated -W ignore:easy_install command is deprecated setup.py develop --editable --build-directory /home/roboworks/ros2_voicevox_ws/build/voicevox_ros2/build --no-deps symlink_data
[0.691s] running develop
[0.802s] running egg_info
[0.802s] creating voicevox_ros2.egg-info
[0.813s] writing voicevox_ros2.egg-info/PKG-INFO
[0.813s] writing dependency_links to voicevox_ros2.egg-info/dependency_links.txt
[0.813s] writing entry points to voicevox_ros2.egg-info/entry_points.txt
[0.813s] writing requirements to voicevox_ros2.egg-info/requires.txt
[0.813s] writing top-level names to voicevox_ros2.egg-info/top_level.txt
[0.813s] writing manifest file 'voicevox_ros2.egg-info/SOURCES.txt'
[0.835s] reading manifest file 'voicevox_ros2.egg-info/SOURCES.txt'
[0.835s] writing manifest file 'voicevox_ros2.egg-info/SOURCES.txt'
[0.847s] running build_ext
[0.847s] Creating /home/roboworks/ros2_voicevox_ws/install/voicevox_ros2/lib/python3.12/site-packages/voicevox-ros2.egg-link (link to .)
[0.847s] Installing tts_node script to /home/roboworks/ros2_voicevox_ws/install/voicevox_ros2/lib/voicevox_ros2
[0.847s] 
[0.847s] Installed /home/roboworks/ros2_voicevox_ws/build/voicevox_ros2
[0.847s] running symlink_data
[0.847s] creating /home/roboworks/ros2_voicevox_ws/install/voicevox_ros2/share/ament_index
[0.847s] creating /home/roboworks/ros2_voicevox_ws/install/voicevox_ros2/share/ament_index/resource_index
[0.847s] creating /home/roboworks/ros2_voicevox_ws/install/voicevox_ros2/share/ament_index/resource_index/packages
[0.847s] symbolically linking /home/roboworks/ros2_voicevox_ws/build/voicevox_ros2/resource/voicevox_ros2 -> /home/roboworks/ros2_voicevox_ws/install/voicevox_ros2/share/ament_index/resource_index/packages
[0.848s] symbolically linking /home/roboworks/ros2_voicevox_ws/build/voicevox_ros2/package.xml -> /home/roboworks/ros2_voicevox_ws/install/voicevox_ros2/share/voicevox_ros2
[0.865s] Invoked command in '/home/roboworks/ros2_voicevox_ws/build/voicevox_ros2' returned '0': DEBUGINFOD_URLS=https://debuginfod.ubuntu.com PYTHONPATH=/home/roboworks/ros2_voicevox_ws/build/voicevox_ros2/prefix_override:/usr/lib/python3/dist-packages/colcon_core/task/python/colcon_distutils_commands:/home/roboworks/ros2_voicevox_ws/install/voicevox_ros2/lib/python3.12/site-packages:${PYTHONPATH} /usr/bin/python3 -W ignore:setup.py install is deprecated -W ignore:easy_install command is deprecated setup.py develop --editable --build-directory /home/roboworks/ros2_voicevox_ws/build/voicevox_ros2/build --no-deps symlink_data
